<?xml version="1.0" encoding="ISO-8859-1"?>
<configuration>  
  <!--  
  <import>classpath:/conf/portal/hibernate-organization-configuration.xml</import> 
  <import>classpath:/conf/portal/ldap-organization-configuration.xml</import> 
  <import>classpath:/conf/portal/activedirectory-organization-configuration.xml</import>   
  -->      
  
  <import>classpath:/conf/portal/jdbc-organization-configuration.xml</import> 
  <import>classpath:/conf/portal/test-organization-configuration.xml</import>   
  
</configuration>
