<?xml version="1.0" encoding="ISO-8859-1"?>
<configuration>

  <component>
    <key>org.exoplatform.services.security.Authenticator</key> 
    <type>org.exoplatform.services.security.DummyAuthenticatorImpl</type>
  </component>
  
  <component>
    <key>org.exoplatform.services.security.RolesExtractor</key> 
    <type>org.exoplatform.services.security.impl.DefaultRolesExtractorImpl</type>
  </component>
  
<remove-configuration>org.exoplatform.services.scheduler.JobSchedulerService</remove-configuration>

</configuration>
