<?xml version="1.0" encoding="ISO-8859-1"?>
<configuration>
  <component>
    <key>org.exoplatform.services.log.LogConfigurationInitializer</key>
    <type>org.exoplatform.services.log.LogConfigurationInitializer</type>
    <init-params>
      <value-param>
        <name>logger</name>
        <value>org.exoplatform.services.log.impl.BufferedLog4JLogger</value>
      </value-param>
      <value-param>
        <name>configurator</name>
        <value>org.exoplatform.services.log.impl.Log4JConfigurator</value>
      </value-param>
      <properties-param>
        <name>properties</name>
        <description>Log4J properties</description>
        <property name="log4j.rootLogger" value="DEBUG, stdout" />

        <property name="log4j.appender.stdout" value="org.apache.log4j.ConsoleAppender" />
        <property name="log4j.appender.stdout.threshold" value="INFO" />

        <property name="log4j.appender.stdout.layout" value="org.apache.log4j.PatternLayout" />
        <property name="log4j.appender.stdout.layout.ConversionPattern" value="%d{dd.MM.yyyy HH:mm:ss} *%-5p* [%t] %c{1}: %m (%F, line %L) %n" />
      </properties-param>
    </init-params>
  </component>

  <component>
    <type>org.exoplatform.services.script.groovy.SampleComponent</type>
  </component>
  <component>
    <type>org.exoplatform.services.script.groovy.GroovyScriptInstantiator</type>
  </component>

  <component>
    <type>org.exoplatform.services.script.groovy.GroovyScriptInstantiator</type>
  </component>

  <component>
    <key>JarJarGroovyScriptInstantiator</key>
    <type>org.exoplatform.services.script.groovy.GroovyScriptInstantiator</type>
    <component-plugins>
      <component-plugin>
        <name>jarjar.mapping</name>
        <set-method>addPlugin</set-method>
        <type>org.exoplatform.services.script.groovy.GroovyScriptJarJarPlugin</type>
        <init-params>
          <values-param>
            <name>mapping</name>
            <value>a->b</value>
          </values-param>
        </init-params>
      </component-plugin>
    </component-plugins>
  </component>

</configuration>
