<?xml version="1.0" encoding="ISO-8859-1"?>
<configuration>

  <component>
    <key>org.exoplatform.services.database.jdbc.DBSchemaCreator</key>
    <type>org.exoplatform.services.database.jdbc.DBSchemaCreator</type>
    <component-plugins>
      <component-plugin>
          <name>create.dbschema</name>
          <set-method>addPlugin</set-method>
          <type>org.exoplatform.services.database.jdbc.CreateDBSchemaPlugin</type>
          <init-params>
            <value-param>
              <name>data-source</name>
              <value>jdbcjcr</value>
            </value-param>
            <value-param>
              <name>script</name>
              <value>
                <![CDATA[CREATE TABLE JCR_MITEM(
                  ID VARCHAR(255) NOT NULL PRIMARY KEY,
                  VERSION INTEGER NOT NULL,
                  PATH VARCHAR(1024) NOT NULL
                  ); ]]>
              </value>
            </value-param>
          </init-params>
      </component-plugin>
    </component-plugins>
  </component>

  <component>
    <key>org.exoplatform.services.naming.InitialContextInitializer</key>
    <type>org.exoplatform.services.naming.InitialContextInitializer</type>
    <component-plugins>
      <component-plugin>
        <name>bind.datasource</name>
        <set-method>addPlugin</set-method>
        <type>org.exoplatform.services.naming.BindReferencePlugin</type>
        <init-params>
          <value-param>
            <name>bind-name</name>
            <value>jdbcjcr</value>
          </value-param>
          <value-param>
            <name>class-name</name>
            <value>javax.sql.DataSource</value>
          </value-param>
          <value-param>
            <name>factory</name>
            <value>org.apache.commons.dbcp.BasicDataSourceFactory</value>
          </value-param>
          <properties-param>
            <name>ref-addresses</name>
            <description>ref-addresses</description>
            <property name="driverClassName" value="org.hsqldb.jdbcDriver"/>
            <property name="url" value="jdbc:hsqldb:file:target/temp/data/portal"/>
            <property name="username" value="sa"/>
            <property name="password" value=""/>
          </properties-param>
        </init-params>
      </component-plugin>
    </component-plugins>
    <init-params>
      <properties-param>
        <name>default-properties</name>
        <description>Default initial context properties</description>
        <property name="java.naming.factory.initial" value="org.exoplatform.services.naming.SimpleContextFactory"/>
      </properties-param>
      <!-- properties-param>
        <name>mandatory-properties</name>
        <description>Mandatory initial context properties</description>
        <property name="java.naming.factory.initial" value="org.exoplatform.services.naming.SimpleContextFactory"/>
        <property name="java.naming.provider.url" value="rmi://localhost:9999"/>
      </properties-param -->
    </init-params>
  </component>

</configuration>
