<?xml version="1.0" encoding="ISO-8859-1"?>
<configuration>  
  <component> 
    <key>org.exoplatform.services.database.DatabaseService</key>
    <type>org.exoplatform.services.database.impl.XAPoolTxSupportDatabaseService</type>
    <init-params>
	    <properties-param>
        <name>default</name>
        <description>Connection configuration</description>
        <property name='connection.driver' value='org.hsqldb.jdbcDriver'/>
	      <property name='connection.url' value='jdbc:hsqldb:mem:db/default'/>
	      <property name='connection.login' value='sa'/>
	      <property name='connection.password' value=''/>
	      <property name='connection.min-size' value='3'/>
	      <property name='connection.max-size' value='5'/>
      </properties-param>
      
    </init-params>
  </component>
   
  <import>classpath:/conf/portal/jdbc-organization-configuration.xml</import> 
  <import>classpath:/conf/portal/test-organization-configuration.xml</import> 
  <remove-configuration>org.exoplatform.services.database.HibernateService</remove-configuration>
</configuration>
