<?xml version="1.0" encoding="ISO-8859-1"?>
<configuration>

  <component> 
    <key>org.exoplatform.services.database.HibernateService</key>
    <type>org.exoplatform.services.database.impl.HibernateServiceImpl</type>
    <init-params>
      <properties-param>
        <name>hibernate.properties</name>
        <description>Default Hibernate Service</description>
        <property name="hibernate.show_sql" value="false"/>
        <property name="hibernate.cglib.use_reflection_optimizer" value="true"/>
        <property name="hibernate.connection.url" value="jdbc:hsqldb:mem:target/temp/data/portal"/>
        <property name="hibernate.connection.driver_class" value="org.hsqldb.jdbcDriver"/>
        <property name="hibernate.connection.autocommit" value="true"/>
        <property name="hibernate.connection.username" value="sa"/>
        <property name="hibernate.connection.password" value=""/>
        <property name="hibernate.dialect" value="org.hibernate.dialect.HSQLDialect"/>
        <property name="hibernate.c3p0.min_size" value="5"/>
        <property name="hibernate.c3p0.max_size" value="20"/>
        <property name="hibernate.c3p0.timeout" value="1800"/>
        <property name="hibernate.c3p0.max_statements" value="50"/>
      </properties-param>
    </init-params>
  </component>

  <component> 
    <key>jcr.datasource</key>
    <type>org.exoplatform.services.database.impl.HibernateServiceImpl</type>
    <init-params>
      <properties-param>
        <name>hibernate.properties</name>
        <description>JCR Workspace datasource</description>
        <property name="hibernate.show_sql" value="false"/>
        <property name="hibernate.cglib.use_reflection_optimizer" value="true"/>
        <property name="hibernate.connection.url" value="jdbc:hsqldb:mem:target/temp/data/jcr"/>
        <property name="hibernate.connection.driver_class" value="org.hsqldb.jdbcDriver"/>
        <property name="hibernate.connection.autocommit" value="true"/>
        <property name="hibernate.connection.username" value="sa"/>
        <property name="hibernate.connection.password" value=""/>
        <property name="hibernate.dialect" value="org.hibernate.dialect.HSQLDialect"/>
        <property name="hibernate.c3p0.min_size" value="5"/>
        <property name="hibernate.c3p0.max_size" value="20"/>
        <property name="hibernate.c3p0.timeout" value="1800"/>
        <property name="hibernate.c3p0.max_statements" value="50"/>
      </properties-param>
    </init-params>
  </component>

</configuration>
