<?xml version="1.0" encoding="ISO-8859-1"?>
<configuration>

  <component>
    <type>org.exoplatform.services.organization.impl.mock.DummyOrganizationService</type>
  </component>

  <component>
    <key>org.exoplatform.services.security.SecurityService</key>
    <type>org.exoplatform.services.security.impl.SecurityServiceImpl</type>

    <init-params>
      <value-param>
        <name>security.authentication</name>
        <value>standalone</value>
      </value-param>
    </init-params>
  </component>

</configuration>
