<?xml version="1.0" encoding="ISO-8859-1"?>
<configuration>
	<external-component-plugins>
		<target-component>
			org.exoplatform.services.ldap.LDAPService
		</target-component>
		<component-plugin>
			<name>create.object</name>
			<set-method>addCreateObject</set-method>
			<type>
				org.exoplatform.services.ldap.CreateObjectCommand
			</type>
			<init-params>
				<properties-param>
					<!-- name>cn="exo", ou=users,ou=portal,dc=exoplatform,dc=org</name -->
					<name>
						cn=exo,ou=users,ou=portal,dc=exoplatform,dc=org
					</name>
					<property name="objectClass" value="top" />
					<property name="objectClass" value="person" />
					<property name="cn" value="exo" />
					<property name="sn" value="exo" />
				</properties-param>
			</init-params>
		</component-plugin>

		<component-plugin>
			<name>delete.object</name>
			<set-method>addDeleteObject</set-method>
			<type>
				org.exoplatform.services.ldap.DeleteObjectCommand
			</type>
			<init-params>
				<values-param>
					<name>objects.to.delete</name>
					<value>
						cn=exo,ou=users,ou=portal,dc=exoplatform,dc=org
					</value>
				</values-param>
			</init-params>
		</component-plugin>

	</external-component-plugins>
</configuration>
