<?xml version="1.0" encoding="ISO-8859-1"?>
<configuration xmlns:xsi="http://www.w3.org/2001/XMLSchema-instance"
    xsi:schemaLocation="http://www.exoplaform.org/xml/ns/kernel_1_0.xsd http://www.exoplaform.org/xml/ns/kernel_1_0.xsd"
    xmlns="http://www.exoplaform.org/xml/ns/kernel_1_0.xsd">
  <external-component-plugins>
    <target-component>org.exoplatform.services.ldap.LDAPService</target-component>
    <component-plugin>
      <name>create.object</name>
      <set-method>addCreateObject</set-method>
      <type>org.exoplatform.services.ldap.CreateObjectCommand</type>
      <init-params>
        <properties-param>
          <name>cn=exo,ou=users,ou=portal,dc=exoplatform,dc=org</name>
          <property name="objectClass" value="top" />
          <property name="objectClass" value="person" />
          <property name="cn" value="exo" />
          <property name="sn" value="exo" />
        </properties-param>
      </init-params>
    </component-plugin>

    <component-plugin>
      <name>delete.object</name>
      <set-method>addDeleteObject</set-method>
      <type>org.exoplatform.services.ldap.DeleteObjectCommand</type>
      <init-params>
        <values-param>
          <name>objects.to.delete</name>
          <value>cn=exo,ou=users,ou=portal,dc=exoplatform,dc=org</value>
        </values-param>
      </init-params>
    </component-plugin>

  </external-component-plugins>
</configuration>
