<?xml version="1.0" encoding="ISO-8859-1"?>
<configuration xmlns:xsi="http://www.w3.org/2001/XMLSchema-instance"
    xsi:schemaLocation="http://www.exoplaform.org/xml/ns/kernel_1_0.xsd http://www.exoplaform.org/xml/ns/kernel_1_0.xsd"
    xmlns="http://www.exoplaform.org/xml/ns/kernel_1_0.xsd">

  <component>
    <key>org.exoplatform.services.cache.CacheService</key>
    <jmx-name>cache:type=CacheService</jmx-name>
    <type>org.exoplatform.services.cache.impl.CacheServiceImpl</type>
    <init-params>
      <object-param>
        <name>cache.config.default</name>
        <description>The default cache configuration</description>
        <object type="org.exoplatform.services.cache.ExoCacheConfig">
          <field  name="name"><string>default</string></field>
          <field  name="maxSize"><int>300</int></field>
          <field  name="liveTime"><long>300</long></field>
          <field  name="distributed"><boolean>false</boolean></field>
          <field name="implementation"><string>org.exoplatform.services.cache.concurrent.ConcurrentFIFOExoCache</string></field>
        </object>
      </object-param>
    </init-params>  
  </component>
                  
  <component>
    <key>org.exoplatform.services.database.DatabaseService</key>
    <type>org.exoplatform.services.database.impl.XAPoolTxSupportDatabaseService</type>
    <description>support the transaction  db connection pool implementation</description>
    <init-params>
      <properties-param>
        <name>connection.config</name>
        <description>Connection configuration</description>
        <property name='connection.driver' value='org.hsqldb.jdbcDriver'/>
        <property name='connection.url' value='jdbc:hsqldb:mem:db/txdata'/>
        <property name='connection.login' value='sa'/>
        <property name='connection.password' value=''/>
        <property name='connection.min-size' value='3'/>
        <property name='connection.max-size' value='5'/>
      </properties-param>
    </init-params>
  </component> 

  <component>
    <key>org.exoplatform.services.transaction.TransactionService</key>
    <type>org.exoplatform.services.transaction.impl.jotm.TransactionServiceJotmImpl</type>
    <init-params>
      <value-param>
        <name>timeout</name>
        <value>5</value>
      </value-param>
    </init-params>
  </component>  
</configuration>
